This file contains any messages produced by compilers while
running configure, to aid debugging if configure makes a mistake.

It was created by silo configure 4.8, which was
generated by GNU Autoconf 2.61.  Invocation command line was

  $ ./configure --disable-fortran

## --------- ##
## Platform. ##
## --------- ##

hostname = xamMacBookPro.local
uname -m = i386
uname -r = 10.5.0
uname -s = Darwin
uname -v = Darwin Kernel Version 10.5.0: Fri Nov  5 23:20:39 PDT 2010; root:xnu-1504.9.17~1/RELEASE_I386

/usr/bin/uname -p = i386
/bin/uname -X     = unknown

/bin/arch              = unknown
/usr/bin/arch -k       = unknown
/usr/convex/getsysinfo = unknown
/usr/bin/hostinfo      = Mach kernel version:
	 Darwin Kernel Version 10.5.0: Fri Nov  5 23:20:39 PDT 2010; root:xnu-1504.9.17~1/RELEASE_I386
Kernel configured for up to 4 processors.
2 processors are physically available.
4 processors are logically available.
Processor type: i486 (Intel 80486)
Processors active: 0 1 2 3
Primary memory available: 4.00 gigabytes
Default processor set: 62 tasks, 268 threads, 4 processors
Load average: 0.69, Mach factor: 3.30
/bin/machine           = unknown
/usr/bin/oslevel       = unknown
/bin/universe          = unknown

PATH: /opt/local/bin
PATH: /opt/local/sbin
PATH: .
PATH: /usr/bin
PATH: /Users/xavier/.gem/ruby/1.8/bin
PATH: .
PATH: /opt/local/bin
PATH: /opt/local/sbin
PATH: /home/xavier/x_local/bin
PATH: /usr/bin
PATH: /bin
PATH: /usr/sbin
PATH: /sbin
PATH: /usr/local/bin
PATH: /usr/X11/bin


## ----------- ##
## Core tests. ##
## ----------- ##

configure:2108: checking for a BSD-compatible install
configure:2164: result: /usr/bin/install -c
configure:2175: checking whether build environment is sane
configure:2218: result: yes
configure:2246: checking for a thread-safe mkdir -p
configure:2285: result: config/install-sh -c -d
configure:2298: checking for gawk
configure:2328: result: no
configure:2298: checking for mawk
configure:2328: result: no
configure:2298: checking for nawk
configure:2328: result: no
configure:2298: checking for awk
configure:2314: found /usr/bin/awk
configure:2325: result: awk
configure:2336: checking whether make sets $(MAKE)
configure:2357: result: yes
configure:2548: checking whether to enable maintainer-specific portions of Makefiles
configure:2557: result: no
configure:2646: checking build system type
configure:2664: result: i386-apple-darwin10.5.0
configure:2686: checking host system type
configure:2701: result: i386-apple-darwin10.5.0
configure:2725: checking what version the package is
configure:2727: result: 4.8
configure:2756: checking for site config host file
configure:2770: result: no
configure:2819: checking for config-site i386-apple-darwin10.5.0
configure:2827: result: no
configure:2819: checking for config-site i386-apple-darwin10.5.0
configure:2827: result: no
configure:2819: checking for config-site apple-darwin10.5.0
configure:2827: result: no
configure:2819: checking for config-site apple-darwin10.5.0
configure:2827: result: no
configure:2819: checking for config-site i386-darwin10.5.0
configure:2827: result: no
configure:2819: checking for config-site i386-darwin10.5.0
configure:2827: result: no
configure:2819: checking for config-site i386-apple
configure:2827: result: no
configure:2819: checking for config-site darwin10.5.0
configure:2827: result: no
configure:2819: checking for config-site darwin10.5.0
configure:2827: result: no
configure:2819: checking for config-site apple
configure:2827: result: no
configure:2819: checking for config-site i386
configure:2827: result: no
configure:2819: checking for config-site Darwin
configure:2823: result: found
configure:2970: checking for C++ compiler version
configure:2977: g++-4.2 -arch x86_64 --version >&5
i686-apple-darwin10-g++-4.2.1 (GCC) 4.2.1 (Apple Inc. build 5659)
Copyright (C) 2007 Free Software Foundation, Inc.
This is free software; see the source for copying conditions.  There is NO
warranty; not even for MERCHANTABILITY or FITNESS FOR A PARTICULAR PURPOSE.

configure:2980: $? = 0
configure:2987: g++-4.2 -arch x86_64 -v >&5
Using built-in specs.
Target: i686-apple-darwin10
Configured with: /var/tmp/gcc/gcc-5659~1/src/configure --disable-checking --enable-werror --prefix=/usr --mandir=/share/man --enable-languages=c,objc,c++,obj-c++ --program-transform-name=/^[cg][^.-]*$/s/$/-4.2/ --with-slibdir=/usr/lib --build=i686-apple-darwin10 --program-prefix=i686-apple-darwin10- --host=x86_64-apple-darwin10 --target=i686-apple-darwin10 --with-gxx-include-dir=/include/c++/4.2.1
Thread model: posix
gcc version 4.2.1 (Apple Inc. build 5659)
configure:2990: $? = 0
configure:2997: g++-4.2 -arch x86_64 -V >&5
g++-4.2: argument to `-V' is missing
configure:3000: $? = 1
configure:3023: checking for C++ compiler default output file name
configure:3050: g++-4.2 -arch x86_64 -O3 -fexceptions   -Wl,-headerpad_max_install_names conftest.cpp  >&5
configure:3053: $? = 0
configure:3091: result: a.out
configure:3108: checking whether the C++ compiler works
configure:3118: ./a.out
configure:3121: $? = 0
configure:3138: result: yes
configure:3145: checking whether we are cross compiling
configure:3147: result: no
configure:3150: checking for suffix of executables
configure:3157: g++-4.2 -arch x86_64 -o conftest -O3 -fexceptions   -Wl,-headerpad_max_install_names conftest.cpp  >&5
configure:3160: $? = 0
configure:3184: result: 
configure:3190: checking for suffix of object files
configure:3216: g++-4.2 -arch x86_64 -c -O3 -fexceptions  conftest.cpp >&5
configure:3219: $? = 0
configure:3242: result: o
configure:3246: checking whether we are using the GNU C++ compiler
configure:3275: g++-4.2 -arch x86_64 -c -O3 -fexceptions  conftest.cpp >&5
configure:3281: $? = 0
configure:3298: result: yes
configure:3303: checking whether g++-4.2 -arch x86_64 accepts -g
configure:3333: g++-4.2 -arch x86_64 -c -g  conftest.cpp >&5
configure:3339: $? = 0
configure:3438: result: yes
configure:3472: checking for style of include used by make
configure:3500: result: GNU
configure:3525: checking dependency style of g++-4.2 -arch x86_64
configure:3616: result: gcc3
configure:3679: checking for gcc
configure:3706: result: gcc-4.2 -arch x86_64
configure:3944: checking for C compiler version
configure:3951: gcc-4.2 -arch x86_64 --version >&5
i686-apple-darwin10-gcc-4.2.1 (GCC) 4.2.1 (Apple Inc. build 5659)
Copyright (C) 2007 Free Software Foundation, Inc.
This is free software; see the source for copying conditions.  There is NO
warranty; not even for MERCHANTABILITY or FITNESS FOR A PARTICULAR PURPOSE.

configure:3954: $? = 0
configure:3961: gcc-4.2 -arch x86_64 -v >&5
Using built-in specs.
Target: i686-apple-darwin10
Configured with: /var/tmp/gcc/gcc-5659~1/src/configure --disable-checking --enable-werror --prefix=/usr --mandir=/share/man --enable-languages=c,objc,c++,obj-c++ --program-transform-name=/^[cg][^.-]*$/s/$/-4.2/ --with-slibdir=/usr/lib --build=i686-apple-darwin10 --program-prefix=i686-apple-darwin10- --host=x86_64-apple-darwin10 --target=i686-apple-darwin10 --with-gxx-include-dir=/include/c++/4.2.1
Thread model: posix
gcc version 4.2.1 (Apple Inc. build 5659)
configure:3964: $? = 0
configure:3971: gcc-4.2 -arch x86_64 -V >&5
gcc-4.2: argument to `-V' is missing
configure:3974: $? = 1
configure:3977: checking whether we are using the GNU C compiler
configure:4006: gcc-4.2 -arch x86_64 -c -O3 -fexceptions  conftest.c >&5
configure:4012: $? = 0
configure:4029: result: yes
configure:4034: checking whether gcc-4.2 -arch x86_64 accepts -g
configure:4064: gcc-4.2 -arch x86_64 -c -g  conftest.c >&5
configure:4070: $? = 0
configure:4169: result: yes
configure:4186: checking for gcc-4.2 -arch x86_64 option to accept ISO C89
configure:4260: gcc-4.2 -arch x86_64  -c -O3 -fexceptions  conftest.c >&5
configure:4266: $? = 0
configure:4289: result: none needed
configure:4309: checking dependency style of gcc-4.2 -arch x86_64
configure:4400: result: gcc3
configure:4420: checking how to run the C preprocessor
configure:4460: gcc-4.2 -arch x86_64 -E  conftest.c
configure:4466: $? = 0
configure:4497: gcc-4.2 -arch x86_64 -E  conftest.c
conftest.c:10:28: error: ac_nonexistent.h: No such file or directory
configure:4503: $? = 1
configure: failed program was:
| /* confdefs.h.  */
| #define PACKAGE_NAME "silo"
| #define PACKAGE_TARNAME "silo"
| #define PACKAGE_VERSION "4.8"
| #define PACKAGE_STRING "silo 4.8"
| #define PACKAGE_BUGREPORT "visit-users@email.ornl.gov"
| #define PACKAGE "silo"
| #define VERSION "4.8"
| /* end confdefs.h.  */
| #include <ac_nonexistent.h>
configure:4536: result: gcc-4.2 -arch x86_64 -E
configure:4565: gcc-4.2 -arch x86_64 -E  conftest.c
configure:4571: $? = 0
configure:4602: gcc-4.2 -arch x86_64 -E  conftest.c
conftest.c:10:28: error: ac_nonexistent.h: No such file or directory
configure:4608: $? = 1
configure: failed program was:
| /* confdefs.h.  */
| #define PACKAGE_NAME "silo"
| #define PACKAGE_TARNAME "silo"
| #define PACKAGE_VERSION "4.8"
| #define PACKAGE_STRING "silo 4.8"
| #define PACKAGE_BUGREPORT "visit-users@email.ornl.gov"
| #define PACKAGE "silo"
| #define VERSION "4.8"
| /* end confdefs.h.  */
| #include <ac_nonexistent.h>
configure:5733: checking whether make sets $(MAKE)
configure:5754: result: yes
configure:5811: checking for a sed that does not truncate output
configure:5867: result: /usr/bin/sed
configure:5870: checking for grep that handles long lines and -e
configure:5944: result: /usr/bin/grep
configure:5949: checking for egrep
configure:6027: result: /usr/bin/grep -E
configure:6043: checking for ld used by gcc-4.2 -arch x86_64
configure:6110: result: /usr/libexec/gcc/i686-apple-darwin10/4.2.1/ld
configure:6119: checking if the linker (/usr/libexec/gcc/i686-apple-darwin10/4.2.1/ld) is GNU ld
configure:6134: result: no
configure:6139: checking for /usr/libexec/gcc/i686-apple-darwin10/4.2.1/ld option to reload object files
configure:6146: result: -r
configure:6164: checking for BSD-compatible nm
configure:6213: result: /usr/bin/nm
configure:6217: checking whether ln -s works
configure:6221: result: yes
configure:6228: checking how to recognize dependent libraries
configure:6414: result: pass_all
configure:6658: checking for ANSI C header files
configure:6696: gcc-4.2 -arch x86_64 -c -O3 -fexceptions  conftest.c >&5
configure:6702: $? = 0
configure:6801: gcc-4.2 -arch x86_64 -o conftest -O3 -fexceptions   -Wl,-headerpad_max_install_names conftest.c  >&5
configure:6804: $? = 0
configure:6810: ./conftest
configure:6813: $? = 0
configure:6830: result: yes
configure:6854: checking for sys/types.h
configure:6875: gcc-4.2 -arch x86_64 -c -O3 -fexceptions  conftest.c >&5
configure:6881: $? = 0
configure:6897: result: yes
configure:6854: checking for sys/stat.h
configure:6875: gcc-4.2 -arch x86_64 -c -O3 -fexceptions  conftest.c >&5
configure:6881: $? = 0
configure:6897: result: yes
configure:6854: checking for stdlib.h
configure:6875: gcc-4.2 -arch x86_64 -c -O3 -fexceptions  conftest.c >&5
configure:6881: $? = 0
configure:6897: result: yes
configure:6854: checking for string.h
configure:6875: gcc-4.2 -arch x86_64 -c -O3 -fexceptions  conftest.c >&5
configure:6881: $? = 0
configure:6897: result: yes
configure:6854: checking for memory.h
configure:6875: gcc-4.2 -arch x86_64 -c -O3 -fexceptions  conftest.c >&5
configure:6881: $? = 0
configure:6897: result: yes
configure:6854: checking for strings.h
configure:6875: gcc-4.2 -arch x86_64 -c -O3 -fexceptions  conftest.c >&5
configure:6881: $? = 0
configure:6897: result: yes
configure:6854: checking for inttypes.h
configure:6875: gcc-4.2 -arch x86_64 -c -O3 -fexceptions  conftest.c >&5
configure:6881: $? = 0
configure:6897: result: yes
configure:6854: checking for stdint.h
configure:6875: gcc-4.2 -arch x86_64 -c -O3 -fexceptions  conftest.c >&5
configure:6881: $? = 0
configure:6897: result: yes
configure:6854: checking for unistd.h
configure:6875: gcc-4.2 -arch x86_64 -c -O3 -fexceptions  conftest.c >&5
configure:6881: $? = 0
configure:6897: result: yes
configure:6924: checking dlfcn.h usability
configure:6941: gcc-4.2 -arch x86_64 -c -O3 -fexceptions  conftest.c >&5
configure:6947: $? = 0
configure:6961: result: yes
configure:6965: checking dlfcn.h presence
configure:6980: gcc-4.2 -arch x86_64 -E  conftest.c
configure:6986: $? = 0
configure:7000: result: yes
configure:7033: checking for dlfcn.h
configure:7041: result: yes
configure:7064: checking how to run the C++ preprocessor
configure:7100: g++-4.2 -arch x86_64 -E  conftest.cpp
configure:7106: $? = 0
configure:7137: g++-4.2 -arch x86_64 -E  conftest.cpp
conftest.cpp:21:28: error: ac_nonexistent.h: No such file or directory
configure:7143: $? = 1
configure: failed program was:
| /* confdefs.h.  */
| #define PACKAGE_NAME "silo"
| #define PACKAGE_TARNAME "silo"
| #define PACKAGE_VERSION "4.8"
| #define PACKAGE_STRING "silo 4.8"
| #define PACKAGE_BUGREPORT "visit-users@email.ornl.gov"
| #define PACKAGE "silo"
| #define VERSION "4.8"
| #define STDC_HEADERS 1
| #define HAVE_SYS_TYPES_H 1
| #define HAVE_SYS_STAT_H 1
| #define HAVE_STDLIB_H 1
| #define HAVE_STRING_H 1
| #define HAVE_MEMORY_H 1
| #define HAVE_STRINGS_H 1
| #define HAVE_INTTYPES_H 1
| #define HAVE_STDINT_H 1
| #define HAVE_UNISTD_H 1
| #define HAVE_DLFCN_H 1
| /* end confdefs.h.  */
| #include <ac_nonexistent.h>
configure:7176: result: g++-4.2 -arch x86_64 -E
configure:7205: g++-4.2 -arch x86_64 -E  conftest.cpp
configure:7211: $? = 0
configure:7242: g++-4.2 -arch x86_64 -E  conftest.cpp
conftest.cpp:21:28: error: ac_nonexistent.h: No such file or directory
configure:7248: $? = 1
configure: failed program was:
| /* confdefs.h.  */
| #define PACKAGE_NAME "silo"
| #define PACKAGE_TARNAME "silo"
| #define PACKAGE_VERSION "4.8"
| #define PACKAGE_STRING "silo 4.8"
| #define PACKAGE_BUGREPORT "visit-users@email.ornl.gov"
| #define PACKAGE "silo"
| #define VERSION "4.8"
| #define STDC_HEADERS 1
| #define HAVE_SYS_TYPES_H 1
| #define HAVE_SYS_STAT_H 1
| #define HAVE_STDLIB_H 1
| #define HAVE_STRING_H 1
| #define HAVE_MEMORY_H 1
| #define HAVE_STRINGS_H 1
| #define HAVE_INTTYPES_H 1
| #define HAVE_STDINT_H 1
| #define HAVE_UNISTD_H 1
| #define HAVE_DLFCN_H 1
| /* end confdefs.h.  */
| #include <ac_nonexistent.h>
configure:7341: checking for g77
configure:7357: found /usr/local/bin/g77
configure:7368: result: g77
configure:7398: checking for Fortran 77 compiler version
configure:7405: g77 --version >&5
GNU Fortran (GCC) 4.2.3
Copyright (C) 2007 Free Software Foundation, Inc.

GNU Fortran comes with NO WARRANTY, to the extent permitted by law.
You may redistribute copies of GNU Fortran
under the terms of the GNU General Public License.
For more information about these matters, see the file named COPYING

configure:7408: $? = 0
configure:7415: g77 -v >&5
Using built-in specs.
Target: i686-apple-darwin8
Configured with: /Builds/unix/gcc/gcc-4.2/configure --prefix=/usr/local --mandir=/share/man --program-transform-name=/^[cg][^.-]*$/s/$/-4.2/ --build=i686-apple-darwin8 --host=i686-apple-darwin8 --target=i686-apple-darwin8 --enable-languages=fortran
Thread model: posix
gcc version 4.2.3
configure:7418: $? = 0
configure:7425: g77 -V >&5
g77: argument to `-V' is missing
configure:7428: $? = 1
configure:7436: checking whether we are using the GNU Fortran 77 compiler
configure:7455: g77 -c  conftest.F >&5
configure:7461: $? = 0
configure:7478: result: yes
configure:7484: checking whether g77 accepts -g
configure:7501: g77 -c -g conftest.f >&5
configure:7507: $? = 0
configure:7523: result: yes
configure:7553: checking the maximum length of command line arguments
configure:7665: result: 196608
configure:7677: checking command to parse /usr/bin/nm output from gcc-4.2 -arch x86_64 object
configure:7782: gcc-4.2 -arch x86_64 -c -O3 -fexceptions  conftest.c >&5
configure:7785: $? = 0
configure:7789: /usr/bin/nm conftest.o \| sed -n -e 's/^.*[ 	]\([BCDEGRST][BCDEGRST]*\)[ 	][ 	]*\([_A-Za-z][_A-Za-z0-9]*\)$/\1 \2 \2/p' \> conftest.nm
configure:7792: $? = 0
cannot find nm_test_var in conftest.nm
configure:7782: gcc-4.2 -arch x86_64 -c -O3 -fexceptions  conftest.c >&5
configure:7785: $? = 0
configure:7789: /usr/bin/nm conftest.o \| sed -n -e 's/^.*[ 	]\([BCDEGRST][BCDEGRST]*\)[ 	][ 	]*_\([_A-Za-z][_A-Za-z0-9]*\)$/\1 _\2 \2/p' \> conftest.nm
configure:7792: $? = 0
configure:7844: gcc-4.2 -arch x86_64 -o conftest -O3 -fexceptions   -Wl,-headerpad_max_install_names conftest.c conftstm.o >&5
configure:7847: $? = 0
configure:7885: result: ok
configure:7889: checking for objdir
configure:7904: result: .libs
configure:7996: checking for ar
configure:8012: found /usr/bin/ar
configure:8023: result: ar
configure:8092: checking for ranlib
configure:8108: found /usr/bin/ranlib
configure:8119: result: ranlib
configure:8188: checking for strip
configure:8204: found /usr/bin/strip
configure:8215: result: strip
configure:8501: checking if gcc-4.2 -arch x86_64 supports -fno-rtti -fno-exceptions
configure:8519: gcc-4.2 -arch x86_64 -c -O3 -fexceptions  -fno-rtti -fno-exceptions conftest.c >&5
cc1: warning: command line option "-fno-rtti" is valid for C++/ObjC++ but not for C
configure:8523: $? = 0
configure:8536: result: no
configure:8551: checking for gcc-4.2 -arch x86_64 option to produce PIC
configure:8783: result: -fno-common
configure:8791: checking if gcc-4.2 -arch x86_64 PIC flag -fno-common works
configure:8809: gcc-4.2 -arch x86_64 -c -O3 -fexceptions  -fno-common -DPIC conftest.c >&5
configure:8813: $? = 0
configure:8826: result: yes
configure:8854: checking if gcc-4.2 -arch x86_64 static flag -static works
configure:8882: result: no
configure:8892: checking if gcc-4.2 -arch x86_64 supports -c -o file.o
configure:8913: gcc-4.2 -arch x86_64 -c -O3 -fexceptions  -o out/conftest2.o conftest.c >&5
configure:8917: $? = 0
configure:8939: result: yes
configure:8965: checking whether the gcc-4.2 -arch x86_64 linker (/usr/libexec/gcc/i686-apple-darwin10/4.2.1/ld) supports shared libraries
configure:9961: result: yes
configure:10028: checking dynamic linker characteristics
configure:10630: result: darwin10.5.0 dyld
configure:10639: checking how to hardcode library paths into programs
configure:10664: result: immediate
configure:10678: checking whether stripping libraries is possible
configure:10692: result: yes
configure:11541: checking if libtool supports shared libraries
configure:11543: result: yes
configure:11546: checking whether to build shared libraries
configure:11567: result: no
configure:11570: checking whether to build static libraries
configure:11574: result: yes
configure:11667: creating libtool
configure:12255: checking for ld used by g++-4.2 -arch x86_64
configure:12322: result: /usr/libexec/gcc/i686-apple-darwin10/4.2.1/ld
configure:12331: checking if the linker (/usr/libexec/gcc/i686-apple-darwin10/4.2.1/ld) is GNU ld
configure:12346: result: no
configure:12397: checking whether the g++-4.2 -arch x86_64 linker (/usr/libexec/gcc/i686-apple-darwin10/4.2.1/ld) supports shared libraries
configure:13387: result: yes
configure:13405: g++-4.2 -arch x86_64 -c -O3 -fexceptions  conftest.cpp >&5
configure:13408: $? = 0
configure:13560: checking for g++-4.2 -arch x86_64 option to produce PIC
configure:13844: result: -fno-common
configure:13852: checking if g++-4.2 -arch x86_64 PIC flag -fno-common works
configure:13870: g++-4.2 -arch x86_64 -c -O3 -fexceptions  -fno-common -DPIC conftest.cpp >&5
configure:13874: $? = 0
configure:13887: result: yes
configure:13915: checking if g++-4.2 -arch x86_64 static flag -static works
configure:13943: result: no
configure:13953: checking if g++-4.2 -arch x86_64 supports -c -o file.o
configure:13974: g++-4.2 -arch x86_64 -c -O3 -fexceptions  -o out/conftest2.o conftest.cpp >&5
configure:13978: $? = 0
configure:14000: result: yes
configure:14026: checking whether the g++-4.2 -arch x86_64 linker (/usr/libexec/gcc/i686-apple-darwin10/4.2.1/ld) supports shared libraries
configure:14051: result: yes
configure:14118: checking dynamic linker characteristics
configure:14668: result: darwin10.5.0 dyld
configure:14677: checking how to hardcode library paths into programs
configure:14702: result: immediate
configure:15236: checking if libtool supports shared libraries
configure:15238: result: yes
configure:15241: checking whether to build shared libraries
configure:15261: result: no
configure:15264: checking whether to build static libraries
configure:15268: result: yes
configure:15278: checking for g77 option to produce PIC
configure:15510: result: -fno-common
configure:15518: checking if g77 PIC flag -fno-common works
configure:15536: g77 -c -g -O2 -fno-common conftest.f >&5
configure:15540: $? = 0
configure:15553: result: yes
configure:15581: checking if g77 static flag -static works
configure:15609: result: no
configure:15619: checking if g77 supports -c -o file.o
configure:15640: g77 -c -g -O2 -o out/conftest2.o conftest.f >&5
configure:15644: $? = 0
configure:15666: result: yes
configure:15692: checking whether the g77 linker (/usr/libexec/gcc/i686-apple-darwin10/4.2.1/ld) supports shared libraries
configure:16652: result: yes
configure:16719: checking dynamic linker characteristics
configure:17269: result: darwin10.5.0 dyld
configure:17278: checking how to hardcode library paths into programs
configure:17303: result: immediate
configure:20889: checking for library containing strerror
configure:20938: gcc-4.2 -arch x86_64 -o conftest -O3 -fexceptions   -Wl,-headerpad_max_install_names conftest.c  >&5
configure:20944: $? = 0
configure:20972: result: none required
configure:21189: checking for hzip
configure:21192: result: found
configure:21231: checking zlib.h usability
configure:21248: gcc-4.2 -arch x86_64 -c -O3 -fexceptions  conftest.c >&5
configure:21254: $? = 0
configure:21268: result: yes
configure:21272: checking zlib.h presence
configure:21287: gcc-4.2 -arch x86_64 -E  conftest.c
configure:21293: $? = 0
configure:21307: result: yes
configure:21340: checking for zlib.h
configure:21348: result: yes
configure:21363: checking for inflateEnd in -lz
configure:21406: gcc-4.2 -arch x86_64 -o conftest -O3 -fexceptions   -Wl,-headerpad_max_install_names conftest.c -lz   >&5
configure:21412: $? = 0
configure:21430: result: yes
configure:21456: checking for fpzip
configure:21459: result: found
configure:21484: checking compiler optimization
configure:22788: result: disabled
configure:22798: checking whether C compiler accepts "-D_LARGEFILE_SOURCE"
configure:22835: gcc-4.2 -arch x86_64 -c -D_LARGEFILE_SOURCE  conftest.c >&5
configure:22841: $? = 0
configure:22859: result: yes
configure:22867: checking whether C compiler accepts "-D_LARGEFILE64_SOURCE"
configure:22904: gcc-4.2 -arch x86_64 -c -D_LARGEFILE64_SOURCE  conftest.c >&5
configure:22910: $? = 0
configure:22928: result: yes
configure:22936: checking whether C compiler accepts "-D_FILE_OFFSET_BITS=64"
configure:22973: gcc-4.2 -arch x86_64 -c -D_FILE_OFFSET_BITS=64  conftest.c >&5
configure:22979: $? = 0
configure:22997: result: yes
configure:23005: checking whether C compiler accepts "-Wdeclaration-after-statement"
configure:23042: gcc-4.2 -arch x86_64 -c -Wdeclaration-after-statement  conftest.c >&5
configure:23048: $? = 0
configure:23066: result: yes
configure:23083: checking for off64_t
configure:23121: gcc-4.2 -arch x86_64 -c -O3 -fexceptions -D_LARGEFILE_SOURCE -D_LARGEFILE64_SOURCE -D_FILE_OFFSET_BITS=64 -Wdeclaration-after-statement  conftest.c >&5
conftest.c:61: error: expected '=', ',', ';', 'asm' or '__attribute__' before 'ac__type_new_'
conftest.c: In function 'main':
conftest.c:73: error: 'ac__type_new_' undeclared (first use in this function)
conftest.c:73: error: (Each undeclared identifier is reported only once
conftest.c:73: error: for each function it appears in.)
conftest.c:73: error: expected expression before ')' token
configure:23127: $? = 1
configure: failed program was:
| /* confdefs.h.  */
| #define PACKAGE_NAME "silo"
| #define PACKAGE_TARNAME "silo"
| #define PACKAGE_VERSION "4.8"
| #define PACKAGE_STRING "silo 4.8"
| #define PACKAGE_BUGREPORT "visit-users@email.ornl.gov"
| #define PACKAGE "silo"
| #define VERSION "4.8"
| #define STDC_HEADERS 1
| #define HAVE_SYS_TYPES_H 1
| #define HAVE_SYS_STAT_H 1
| #define HAVE_STDLIB_H 1
| #define HAVE_STRING_H 1
| #define HAVE_MEMORY_H 1
| #define HAVE_STRINGS_H 1
| #define HAVE_INTTYPES_H 1
| #define HAVE_STDINT_H 1
| #define HAVE_UNISTD_H 1
| #define HAVE_DLFCN_H 1
| #define HAVE_NETCDF_DRIVER 1
| #define HAVE_PDB_DRIVER 1
| #define HAVE_TAURUS_DRIVER 1
| #define HAVE_HZIP 1
| #define HAVE_ZLIB_H 1
| #define HAVE_LIBZ 1
| #define HAVE_FPZIP 1
| /* end confdefs.h.  */
| #include <stdio.h>
| #ifdef HAVE_SYS_TYPES_H
| # include <sys/types.h>
| #endif
| #ifdef HAVE_SYS_STAT_H
| # include <sys/stat.h>
| #endif
| #ifdef STDC_HEADERS
| # include <stdlib.h>
| # include <stddef.h>
| #else
| # ifdef HAVE_STDLIB_H
| #  include <stdlib.h>
| # endif
| #endif
| #ifdef HAVE_STRING_H
| # if !defined STDC_HEADERS && defined HAVE_MEMORY_H
| #  include <memory.h>
| # endif
| # include <string.h>
| #endif
| #ifdef HAVE_STRINGS_H
| # include <strings.h>
| #endif
| #ifdef HAVE_INTTYPES_H
| # include <inttypes.h>
| #endif
| #ifdef HAVE_STDINT_H
| # include <stdint.h>
| #endif
| #ifdef HAVE_UNISTD_H
| # include <unistd.h>
| #endif
| typedef off64_t ac__type_new_;
| #ifdef FC_DUMMY_MAIN
| #ifndef FC_DUMMY_MAIN_EQ_F77
| #  ifdef __cplusplus
|      extern "C"
| #  endif
|    int FC_DUMMY_MAIN() { return 1; }
| #endif
| #endif
| int
| main ()
| {
| if ((ac__type_new_ *) 0)
|   return 0;
| if (sizeof (ac__type_new_))
|   return 0;
|   ;
|   return 0;
| }
configure:23142: result: no
configure:23149: checking size of off64_t
configure:23499: gcc-4.2 -arch x86_64 -o conftest -O3 -fexceptions -D_LARGEFILE_SOURCE -D_LARGEFILE64_SOURCE -D_FILE_OFFSET_BITS=64 -Wdeclaration-after-statement   -Wl,-headerpad_max_install_names conftest.c -lz  >&5
conftest.c:61: error: expected '=', ',', ';', 'asm' or '__attribute__' before 'ac__type_sizeof_'
conftest.c: In function 'longval':
conftest.c:62: error: 'ac__type_sizeof_' undeclared (first use in this function)
conftest.c:62: error: (Each undeclared identifier is reported only once
conftest.c:62: error: for each function it appears in.)
conftest.c: In function 'ulongval':
conftest.c:63: error: 'ac__type_sizeof_' undeclared (first use in this function)
conftest.c: In function 'main':
conftest.c:81: error: 'ac__type_sizeof_' undeclared (first use in this function)
configure:23502: $? = 1
configure: program exited with status 1
configure: failed program was:
| /* confdefs.h.  */
| #define PACKAGE_NAME "silo"
| #define PACKAGE_TARNAME "silo"
| #define PACKAGE_VERSION "4.8"
| #define PACKAGE_STRING "silo 4.8"
| #define PACKAGE_BUGREPORT "visit-users@email.ornl.gov"
| #define PACKAGE "silo"
| #define VERSION "4.8"
| #define STDC_HEADERS 1
| #define HAVE_SYS_TYPES_H 1
| #define HAVE_SYS_STAT_H 1
| #define HAVE_STDLIB_H 1
| #define HAVE_STRING_H 1
| #define HAVE_MEMORY_H 1
| #define HAVE_STRINGS_H 1
| #define HAVE_INTTYPES_H 1
| #define HAVE_STDINT_H 1
| #define HAVE_UNISTD_H 1
| #define HAVE_DLFCN_H 1
| #define HAVE_NETCDF_DRIVER 1
| #define HAVE_PDB_DRIVER 1
| #define HAVE_TAURUS_DRIVER 1
| #define HAVE_HZIP 1
| #define HAVE_ZLIB_H 1
| #define HAVE_LIBZ 1
| #define HAVE_FPZIP 1
| /* end confdefs.h.  */
| #include <stdio.h>
| #ifdef HAVE_SYS_TYPES_H
| # include <sys/types.h>
| #endif
| #ifdef HAVE_SYS_STAT_H
| # include <sys/stat.h>
| #endif
| #ifdef STDC_HEADERS
| # include <stdlib.h>
| # include <stddef.h>
| #else
| # ifdef HAVE_STDLIB_H
| #  include <stdlib.h>
| # endif
| #endif
| #ifdef HAVE_STRING_H
| # if !defined STDC_HEADERS && defined HAVE_MEMORY_H
| #  include <memory.h>
| # endif
| # include <string.h>
| #endif
| #ifdef HAVE_STRINGS_H
| # include <strings.h>
| #endif
| #ifdef HAVE_INTTYPES_H
| # include <inttypes.h>
| #endif
| #ifdef HAVE_STDINT_H
| # include <stdint.h>
| #endif
| #ifdef HAVE_UNISTD_H
| # include <unistd.h>
| #endif
|    typedef off64_t ac__type_sizeof_;
| static long int longval () { return (long int) (sizeof (ac__type_sizeof_)); }
| static unsigned long int ulongval () { return (long int) (sizeof (ac__type_sizeof_)); }
| #include <stdio.h>
| #include <stdlib.h>
| #ifdef FC_DUMMY_MAIN
| #ifndef FC_DUMMY_MAIN_EQ_F77
| #  ifdef __cplusplus
|      extern "C"
| #  endif
|    int FC_DUMMY_MAIN() { return 1; }
| #endif
| #endif
| int
| main ()
| {
| 
|   FILE *f = fopen ("conftest.val", "w");
|   if (! f)
|     return 1;
|   if (((long int) (sizeof (ac__type_sizeof_))) < 0)
|     {
|       long int i = longval ();
|       if (i != ((long int) (sizeof (ac__type_sizeof_))))
| 	return 1;
|       fprintf (f, "%ld\n", i);
|     }
|   else
|     {
|       unsigned long int i = ulongval ();
|       if (i != ((long int) (sizeof (ac__type_sizeof_))))
| 	return 1;
|       fprintf (f, "%lu\n", i);
|     }
|   return ferror (f) || fclose (f) != 0;
| 
|   ;
|   return 0;
| }
configure:23534: result: 0
configure:23558: checking for a BSD-compatible install
configure:23614: result: /usr/bin/install -c
configure:23643: checking sys/time.h usability
configure:23660: gcc-4.2 -arch x86_64 -c -O3 -fexceptions -D_LARGEFILE_SOURCE -D_LARGEFILE64_SOURCE -D_FILE_OFFSET_BITS=64 -Wdeclaration-after-statement  conftest.c >&5
configure:23666: $? = 0
configure:23680: result: yes
configure:23684: checking sys/time.h presence
configure:23699: gcc-4.2 -arch x86_64 -E  conftest.c
configure:23705: $? = 0
configure:23719: result: yes
configure:23752: checking for sys/time.h
configure:23760: result: yes
configure:23643: checking stdarg.h usability
configure:23660: gcc-4.2 -arch x86_64 -c -O3 -fexceptions -D_LARGEFILE_SOURCE -D_LARGEFILE64_SOURCE -D_FILE_OFFSET_BITS=64 -Wdeclaration-after-statement  conftest.c >&5
configure:23666: $? = 0
configure:23680: result: yes
configure:23684: checking stdarg.h presence
configure:23699: gcc-4.2 -arch x86_64 -E  conftest.c
configure:23705: $? = 0
configure:23719: result: yes
configure:23752: checking for stdarg.h
configure:23760: result: yes
configure:23633: checking for sys/stat.h
configure:23639: result: yes
configure:23799: checking fcntl.h usability
configure:23816: gcc-4.2 -arch x86_64 -c -O3 -fexceptions -D_LARGEFILE_SOURCE -D_LARGEFILE64_SOURCE -D_FILE_OFFSET_BITS=64 -Wdeclaration-after-statement  conftest.c >&5
configure:23822: $? = 0
configure:23836: result: yes
configure:23840: checking fcntl.h presence
configure:23855: gcc-4.2 -arch x86_64 -E  conftest.c
configure:23861: $? = 0
configure:23875: result: yes
configure:23908: checking for fcntl.h
configure:23916: result: yes
configure:23944: checking sys/fcntl.h usability
configure:23961: gcc-4.2 -arch x86_64 -c -O3 -fexceptions -D_LARGEFILE_SOURCE -D_LARGEFILE64_SOURCE -D_FILE_OFFSET_BITS=64 -Wdeclaration-after-statement  conftest.c >&5
configure:23967: $? = 0
configure:23981: result: yes
configure:23985: checking sys/fcntl.h presence
configure:24000: gcc-4.2 -arch x86_64 -E  conftest.c
configure:24006: $? = 0
configure:24020: result: yes
configure:24053: checking for sys/fcntl.h
configure:24061: result: yes
configure:24103: checking fnmatch.h usability
configure:24120: gcc-4.2 -arch x86_64 -c -O3 -fexceptions -D_LARGEFILE_SOURCE -D_LARGEFILE64_SOURCE -D_FILE_OFFSET_BITS=64 -Wdeclaration-after-statement  conftest.c >&5
configure:24126: $? = 0
configure:24140: result: yes
configure:24144: checking fnmatch.h presence
configure:24159: gcc-4.2 -arch x86_64 -E  conftest.c
configure:24165: $? = 0
configure:24179: result: yes
configure:24212: checking for fnmatch.h
configure:24220: result: yes
configure:24248: checking ieeefp.h usability
configure:24265: gcc-4.2 -arch x86_64 -c -O3 -fexceptions -D_LARGEFILE_SOURCE -D_LARGEFILE64_SOURCE -D_FILE_OFFSET_BITS=64 -Wdeclaration-after-statement  conftest.c >&5
conftest.c:68:20: error: ieeefp.h: No such file or directory
configure:24271: $? = 1
configure: failed program was:
| /* confdefs.h.  */
| #define PACKAGE_NAME "silo"
| #define PACKAGE_TARNAME "silo"
| #define PACKAGE_VERSION "4.8"
| #define PACKAGE_STRING "silo 4.8"
| #define PACKAGE_BUGREPORT "visit-users@email.ornl.gov"
| #define PACKAGE "silo"
| #define VERSION "4.8"
| #define STDC_HEADERS 1
| #define HAVE_SYS_TYPES_H 1
| #define HAVE_SYS_STAT_H 1
| #define HAVE_STDLIB_H 1
| #define HAVE_STRING_H 1
| #define HAVE_MEMORY_H 1
| #define HAVE_STRINGS_H 1
| #define HAVE_INTTYPES_H 1
| #define HAVE_STDINT_H 1
| #define HAVE_UNISTD_H 1
| #define HAVE_DLFCN_H 1
| #define HAVE_NETCDF_DRIVER 1
| #define HAVE_PDB_DRIVER 1
| #define HAVE_TAURUS_DRIVER 1
| #define HAVE_HZIP 1
| #define HAVE_ZLIB_H 1
| #define HAVE_LIBZ 1
| #define HAVE_FPZIP 1
| #define SIZEOF_OFF64_T 0
| #define HAVE_SYS_TIME_H 1
| #define HAVE_STDARG_H 1
| #define HAVE_SYS_STAT_H 1
| #define HAVE_FCNTL_H 1
| #define HAVE_SYS_FCNTL_H 1
| #define HAVE_FNMATCH_H 1
| /* end confdefs.h.  */
| #include <stdio.h>
| #ifdef HAVE_SYS_TYPES_H
| # include <sys/types.h>
| #endif
| #ifdef HAVE_SYS_STAT_H
| # include <sys/stat.h>
| #endif
| #ifdef STDC_HEADERS
| # include <stdlib.h>
| # include <stddef.h>
| #else
| # ifdef HAVE_STDLIB_H
| #  include <stdlib.h>
| # endif
| #endif
| #ifdef HAVE_STRING_H
| # if !defined STDC_HEADERS && defined HAVE_MEMORY_H
| #  include <memory.h>
| # endif
| # include <string.h>
| #endif
| #ifdef HAVE_STRINGS_H
| # include <strings.h>
| #endif
| #ifdef HAVE_INTTYPES_H
| # include <inttypes.h>
| #endif
| #ifdef HAVE_STDINT_H
| # include <stdint.h>
| #endif
| #ifdef HAVE_UNISTD_H
| # include <unistd.h>
| #endif
| #include <ieeefp.h>
configure:24285: result: no
configure:24289: checking ieeefp.h presence
configure:24304: gcc-4.2 -arch x86_64 -E  conftest.c
conftest.c:35:20: error: ieeefp.h: No such file or directory
configure:24310: $? = 1
configure: failed program was:
| /* confdefs.h.  */
| #define PACKAGE_NAME "silo"
| #define PACKAGE_TARNAME "silo"
| #define PACKAGE_VERSION "4.8"
| #define PACKAGE_STRING "silo 4.8"
| #define PACKAGE_BUGREPORT "visit-users@email.ornl.gov"
| #define PACKAGE "silo"
| #define VERSION "4.8"
| #define STDC_HEADERS 1
| #define HAVE_SYS_TYPES_H 1
| #define HAVE_SYS_STAT_H 1
| #define HAVE_STDLIB_H 1
| #define HAVE_STRING_H 1
| #define HAVE_MEMORY_H 1
| #define HAVE_STRINGS_H 1
| #define HAVE_INTTYPES_H 1
| #define HAVE_STDINT_H 1
| #define HAVE_UNISTD_H 1
| #define HAVE_DLFCN_H 1
| #define HAVE_NETCDF_DRIVER 1
| #define HAVE_PDB_DRIVER 1
| #define HAVE_TAURUS_DRIVER 1
| #define HAVE_HZIP 1
| #define HAVE_ZLIB_H 1
| #define HAVE_LIBZ 1
| #define HAVE_FPZIP 1
| #define SIZEOF_OFF64_T 0
| #define HAVE_SYS_TIME_H 1
| #define HAVE_STDARG_H 1
| #define HAVE_SYS_STAT_H 1
| #define HAVE_FCNTL_H 1
| #define HAVE_SYS_FCNTL_H 1
| #define HAVE_FNMATCH_H 1
| /* end confdefs.h.  */
| #include <ieeefp.h>
configure:24324: result: no
configure:24357: checking for ieeefp.h
configure:24365: result: no
configure:24384: checking for sys/types.h
configure:24390: result: yes
configure:24384: checking for unistd.h
configure:24390: result: yes
configure:24524: checking for ANSI C header files
configure:24696: result: yes
configure:24762: checking for fclose function pointer
configure:24796: gcc-4.2 -arch x86_64 -c -O3 -fexceptions -D_LARGEFILE_SOURCE -D_LARGEFILE64_SOURCE -D_FILE_OFFSET_BITS=64 -Wdeclaration-after-statement  conftest.c >&5
configure:24802: $? = 0
configure:24829: result: yes
configure:24762: checking for fflush function pointer
configure:24796: gcc-4.2 -arch x86_64 -c -O3 -fexceptions -D_LARGEFILE_SOURCE -D_LARGEFILE64_SOURCE -D_FILE_OFFSET_BITS=64 -Wdeclaration-after-statement  conftest.c >&5
configure:24802: $? = 0
configure:24829: result: yes
configure:24762: checking for fopen function pointer
configure:24796: gcc-4.2 -arch x86_64 -c -O3 -fexceptions -D_LARGEFILE_SOURCE -D_LARGEFILE64_SOURCE -D_FILE_OFFSET_BITS=64 -Wdeclaration-after-statement  conftest.c >&5
configure:24802: $? = 0
configure:24829: result: yes
configure:24762: checking for fprintf function pointer
configure:24796: gcc-4.2 -arch x86_64 -c -O3 -fexceptions -D_LARGEFILE_SOURCE -D_LARGEFILE64_SOURCE -D_FILE_OFFSET_BITS=64 -Wdeclaration-after-statement  conftest.c >&5
configure:24802: $? = 0
configure:24829: result: yes
configure:24762: checking for fread function pointer
configure:24796: gcc-4.2 -arch x86_64 -c -O3 -fexceptions -D_LARGEFILE_SOURCE -D_LARGEFILE64_SOURCE -D_FILE_OFFSET_BITS=64 -Wdeclaration-after-statement  conftest.c >&5
configure:24802: $? = 0
configure:24829: result: yes
configure:24762: checking for fseek function pointer
configure:24796: gcc-4.2 -arch x86_64 -c -O3 -fexceptions -D_LARGEFILE_SOURCE -D_LARGEFILE64_SOURCE -D_FILE_OFFSET_BITS=64 -Wdeclaration-after-statement  conftest.c >&5
configure:24802: $? = 0
configure:24829: result: yes
configure:24762: checking for setvbuf function pointer
configure:24796: gcc-4.2 -arch x86_64 -c -O3 -fexceptions -D_LARGEFILE_SOURCE -D_LARGEFILE64_SOURCE -D_FILE_OFFSET_BITS=64 -Wdeclaration-after-statement  conftest.c >&5
configure:24802: $? = 0
configure:24829: result: yes
configure:24762: checking for ftell function pointer
configure:24796: gcc-4.2 -arch x86_64 -c -O3 -fexceptions -D_LARGEFILE_SOURCE -D_LARGEFILE64_SOURCE -D_FILE_OFFSET_BITS=64 -Wdeclaration-after-statement  conftest.c >&5
configure:24802: $? = 0
configure:24829: result: yes
configure:24762: checking for fwrite function pointer
configure:24796: gcc-4.2 -arch x86_64 -c -O3 -fexceptions -D_LARGEFILE_SOURCE -D_LARGEFILE64_SOURCE -D_FILE_OFFSET_BITS=64 -Wdeclaration-after-statement  conftest.c >&5
configure:24802: $? = 0
configure:24829: result: yes
configure:24842: checking for memmove
configure:24906: gcc-4.2 -arch x86_64 -o conftest -O3 -fexceptions -D_LARGEFILE_SOURCE -D_LARGEFILE64_SOURCE -D_FILE_OFFSET_BITS=64 -Wdeclaration-after-statement   -Wl,-headerpad_max_install_names conftest.c -lz  >&5
conftest.c:70: warning: conflicting types for built-in function 'memmove'
configure:24912: $? = 0
configure:24930: result: yes
configure:24842: checking for fnmatch
configure:24906: gcc-4.2 -arch x86_64 -o conftest -O3 -fexceptions -D_LARGEFILE_SOURCE -D_LARGEFILE64_SOURCE -D_FILE_OFFSET_BITS=64 -Wdeclaration-after-statement   -Wl,-headerpad_max_install_names conftest.c -lz  >&5
configure:24912: $? = 0
configure:24930: result: yes
configure:24842: checking for isnan
configure:24906: gcc-4.2 -arch x86_64 -o conftest -O3 -fexceptions -D_LARGEFILE_SOURCE -D_LARGEFILE64_SOURCE -D_FILE_OFFSET_BITS=64 -Wdeclaration-after-statement   -Wl,-headerpad_max_install_names conftest.c -lz  >&5
conftest.c:72: warning: conflicting types for built-in function 'isnan'
configure:24912: $? = 0
configure:24930: result: yes
configure:24842: checking for fpclass
configure:24906: gcc-4.2 -arch x86_64 -o conftest -O3 -fexceptions -D_LARGEFILE_SOURCE -D_LARGEFILE64_SOURCE -D_FILE_OFFSET_BITS=64 -Wdeclaration-after-statement   -Wl,-headerpad_max_install_names conftest.c -lz  >&5
Undefined symbols:
  "_fpclass", referenced from:
      _main in cc4iJzND.o
ld: symbol(s) not found
collect2: ld returned 1 exit status
configure:24912: $? = 1
configure: failed program was:
| /* confdefs.h.  */
| #define PACKAGE_NAME "silo"
| #define PACKAGE_TARNAME "silo"
| #define PACKAGE_VERSION "4.8"
| #define PACKAGE_STRING "silo 4.8"
| #define PACKAGE_BUGREPORT "visit-users@email.ornl.gov"
| #define PACKAGE "silo"
| #define VERSION "4.8"
| #define STDC_HEADERS 1
| #define HAVE_SYS_TYPES_H 1
| #define HAVE_SYS_STAT_H 1
| #define HAVE_STDLIB_H 1
| #define HAVE_STRING_H 1
| #define HAVE_MEMORY_H 1
| #define HAVE_STRINGS_H 1
| #define HAVE_INTTYPES_H 1
| #define HAVE_STDINT_H 1
| #define HAVE_UNISTD_H 1
| #define HAVE_DLFCN_H 1
| #define HAVE_NETCDF_DRIVER 1
| #define HAVE_PDB_DRIVER 1
| #define HAVE_TAURUS_DRIVER 1
| #define HAVE_HZIP 1
| #define HAVE_ZLIB_H 1
| #define HAVE_LIBZ 1
| #define HAVE_FPZIP 1
| #define SIZEOF_OFF64_T 0
| #define HAVE_SYS_TIME_H 1
| #define HAVE_STDARG_H 1
| #define HAVE_SYS_STAT_H 1
| #define HAVE_FCNTL_H 1
| #define HAVE_SYS_FCNTL_H 1
| #define HAVE_FNMATCH_H 1
| #define HAVE_SYS_TYPES_H 1
| #define HAVE_UNISTD_H 1
| #define STDC_HEADERS 1
| #define HAVE_FCLOSE_POINTER 1
| #define HAVE_FFLUSH_POINTER 1
| #define HAVE_FOPEN_POINTER 1
| #define HAVE_FPRINTF_POINTER 1
| #define HAVE_FREAD_POINTER 1
| #define HAVE_FSEEK_POINTER 1
| #define HAVE_SETVBUF_POINTER 1
| #define HAVE_FTELL_POINTER 1
| #define HAVE_FWRITE_POINTER 1
| #define HAVE_MEMMOVE 1
| #define HAVE_FNMATCH 1
| #define HAVE_ISNAN 1
| /* end confdefs.h.  */
| /* Define fpclass to an innocuous variant, in case <limits.h> declares fpclass.
|    For example, HP-UX 11i <limits.h> declares gettimeofday.  */
| #define fpclass innocuous_fpclass
| 
| /* System header to define __stub macros and hopefully few prototypes,
|     which can conflict with char fpclass (); below.
|     Prefer <limits.h> to <assert.h> if __STDC__ is defined, since
|     <limits.h> exists even on freestanding compilers.  */
| 
| #ifdef __STDC__
| # include <limits.h>
| #else
| # include <assert.h>
| #endif
| 
| #undef fpclass
| 
| /* Override any GCC internal prototype to avoid an error.
|    Use char because int might match the return type of a GCC
|    builtin and then its argument prototype would still apply.  */
| #ifdef __cplusplus
| extern "C"
| #endif
| char fpclass ();
| /* The GNU C library defines this for functions which it implements
|     to always fail with ENOSYS.  Some functions are actually named
|     something starting with __ and the normal name is an alias.  */
| #if defined __stub_fpclass || defined __stub___fpclass
| choke me
| #endif
| 
| #ifdef FC_DUMMY_MAIN
| #ifndef FC_DUMMY_MAIN_EQ_F77
| #  ifdef __cplusplus
|      extern "C"
| #  endif
|    int FC_DUMMY_MAIN() { return 1; }
| #endif
| #endif
| int
| main ()
| {
| return fpclass ();
|   ;
|   return 0;
| }
configure:24930: result: no
configure:24842: checking for strerror
configure:24906: gcc-4.2 -arch x86_64 -o conftest -O3 -fexceptions -D_LARGEFILE_SOURCE -D_LARGEFILE64_SOURCE -D_FILE_OFFSET_BITS=64 -Wdeclaration-after-statement   -Wl,-headerpad_max_install_names conftest.c -lz  >&5
configure:24912: $? = 0
configure:24930: result: yes
configure:24941: checking if setjmp and longjmp work
configure:24957: result: yes
configure:25303: checking for szlib
configure:25305: result: suppressed
configure:25483: checking for hdf5
configure:25526: result: no
configure:26468: checking for a readline compatible library
configure:26519: gcc-4.2 -arch x86_64 -o conftest -O3 -fexceptions -D_LARGEFILE_SOURCE -D_LARGEFILE64_SOURCE -D_FILE_OFFSET_BITS=64 -Wdeclaration-after-statement   -Wl,-headerpad_max_install_names conftest.c -lz   -lreadline >&5
configure:26525: $? = 0
configure:26555: result: -lreadline
configure:26580: checking readline.h usability
configure:26597: gcc-4.2 -arch x86_64 -c -O3 -fexceptions -D_LARGEFILE_SOURCE -D_LARGEFILE64_SOURCE -D_FILE_OFFSET_BITS=64 -Wdeclaration-after-statement  conftest.c >&5
conftest.c:85:22: error: readline.h: No such file or directory
configure:26603: $? = 1
configure: failed program was:
| /* confdefs.h.  */
| #define PACKAGE_NAME "silo"
| #define PACKAGE_TARNAME "silo"
| #define PACKAGE_VERSION "4.8"
| #define PACKAGE_STRING "silo 4.8"
| #define PACKAGE_BUGREPORT "visit-users@email.ornl.gov"
| #define PACKAGE "silo"
| #define VERSION "4.8"
| #define STDC_HEADERS 1
| #define HAVE_SYS_TYPES_H 1
| #define HAVE_SYS_STAT_H 1
| #define HAVE_STDLIB_H 1
| #define HAVE_STRING_H 1
| #define HAVE_MEMORY_H 1
| #define HAVE_STRINGS_H 1
| #define HAVE_INTTYPES_H 1
| #define HAVE_STDINT_H 1
| #define HAVE_UNISTD_H 1
| #define HAVE_DLFCN_H 1
| #define HAVE_NETCDF_DRIVER 1
| #define HAVE_PDB_DRIVER 1
| #define HAVE_TAURUS_DRIVER 1
| #define HAVE_HZIP 1
| #define HAVE_ZLIB_H 1
| #define HAVE_LIBZ 1
| #define HAVE_FPZIP 1
| #define SIZEOF_OFF64_T 0
| #define HAVE_SYS_TIME_H 1
| #define HAVE_STDARG_H 1
| #define HAVE_SYS_STAT_H 1
| #define HAVE_FCNTL_H 1
| #define HAVE_SYS_FCNTL_H 1
| #define HAVE_FNMATCH_H 1
| #define HAVE_SYS_TYPES_H 1
| #define HAVE_UNISTD_H 1
| #define STDC_HEADERS 1
| #define HAVE_FCLOSE_POINTER 1
| #define HAVE_FFLUSH_POINTER 1
| #define HAVE_FOPEN_POINTER 1
| #define HAVE_FPRINTF_POINTER 1
| #define HAVE_FREAD_POINTER 1
| #define HAVE_FSEEK_POINTER 1
| #define HAVE_SETVBUF_POINTER 1
| #define HAVE_FTELL_POINTER 1
| #define HAVE_FWRITE_POINTER 1
| #define HAVE_MEMMOVE 1
| #define HAVE_FNMATCH 1
| #define HAVE_ISNAN 1
| #define HAVE_STRERROR 1
| #define HAVE_LIBREADLINE 1
| /* end confdefs.h.  */
| #include <stdio.h>
| #ifdef HAVE_SYS_TYPES_H
| # include <sys/types.h>
| #endif
| #ifdef HAVE_SYS_STAT_H
| # include <sys/stat.h>
| #endif
| #ifdef STDC_HEADERS
| # include <stdlib.h>
| # include <stddef.h>
| #else
| # ifdef HAVE_STDLIB_H
| #  include <stdlib.h>
| # endif
| #endif
| #ifdef HAVE_STRING_H
| # if !defined STDC_HEADERS && defined HAVE_MEMORY_H
| #  include <memory.h>
| # endif
| # include <string.h>
| #endif
| #ifdef HAVE_STRINGS_H
| # include <strings.h>
| #endif
| #ifdef HAVE_INTTYPES_H
| # include <inttypes.h>
| #endif
| #ifdef HAVE_STDINT_H
| # include <stdint.h>
| #endif
| #ifdef HAVE_UNISTD_H
| # include <unistd.h>
| #endif
| #include <readline.h>
configure:26617: result: no
configure:26621: checking readline.h presence
configure:26636: gcc-4.2 -arch x86_64 -E  conftest.c
conftest.c:52:22: error: readline.h: No such file or directory
configure:26642: $? = 1
configure: failed program was:
| /* confdefs.h.  */
| #define PACKAGE_NAME "silo"
| #define PACKAGE_TARNAME "silo"
| #define PACKAGE_VERSION "4.8"
| #define PACKAGE_STRING "silo 4.8"
| #define PACKAGE_BUGREPORT "visit-users@email.ornl.gov"
| #define PACKAGE "silo"
| #define VERSION "4.8"
| #define STDC_HEADERS 1
| #define HAVE_SYS_TYPES_H 1
| #define HAVE_SYS_STAT_H 1
| #define HAVE_STDLIB_H 1
| #define HAVE_STRING_H 1
| #define HAVE_MEMORY_H 1
| #define HAVE_STRINGS_H 1
| #define HAVE_INTTYPES_H 1
| #define HAVE_STDINT_H 1
| #define HAVE_UNISTD_H 1
| #define HAVE_DLFCN_H 1
| #define HAVE_NETCDF_DRIVER 1
| #define HAVE_PDB_DRIVER 1
| #define HAVE_TAURUS_DRIVER 1
| #define HAVE_HZIP 1
| #define HAVE_ZLIB_H 1
| #define HAVE_LIBZ 1
| #define HAVE_FPZIP 1
| #define SIZEOF_OFF64_T 0
| #define HAVE_SYS_TIME_H 1
| #define HAVE_STDARG_H 1
| #define HAVE_SYS_STAT_H 1
| #define HAVE_FCNTL_H 1
| #define HAVE_SYS_FCNTL_H 1
| #define HAVE_FNMATCH_H 1
| #define HAVE_SYS_TYPES_H 1
| #define HAVE_UNISTD_H 1
| #define STDC_HEADERS 1
| #define HAVE_FCLOSE_POINTER 1
| #define HAVE_FFLUSH_POINTER 1
| #define HAVE_FOPEN_POINTER 1
| #define HAVE_FPRINTF_POINTER 1
| #define HAVE_FREAD_POINTER 1
| #define HAVE_FSEEK_POINTER 1
| #define HAVE_SETVBUF_POINTER 1
| #define HAVE_FTELL_POINTER 1
| #define HAVE_FWRITE_POINTER 1
| #define HAVE_MEMMOVE 1
| #define HAVE_FNMATCH 1
| #define HAVE_ISNAN 1
| #define HAVE_STRERROR 1
| #define HAVE_LIBREADLINE 1
| /* end confdefs.h.  */
| #include <readline.h>
configure:26656: result: no
configure:26689: checking for readline.h
configure:26697: result: no
configure:26580: checking readline/readline.h usability
configure:26597: gcc-4.2 -arch x86_64 -c -O3 -fexceptions -D_LARGEFILE_SOURCE -D_LARGEFILE64_SOURCE -D_FILE_OFFSET_BITS=64 -Wdeclaration-after-statement  conftest.c >&5
configure:26603: $? = 0
configure:26617: result: yes
configure:26621: checking readline/readline.h presence
configure:26636: gcc-4.2 -arch x86_64 -E  conftest.c
configure:26642: $? = 0
configure:26656: result: yes
configure:26689: checking for readline/readline.h
configure:26697: result: yes
configure:26710: checking whether readline supports history
configure:26753: gcc-4.2 -arch x86_64 -o conftest -O3 -fexceptions -D_LARGEFILE_SOURCE -D_LARGEFILE64_SOURCE -D_FILE_OFFSET_BITS=64 -Wdeclaration-after-statement   -Wl,-headerpad_max_install_names conftest.c -lz   -lreadline >&5
configure:26759: $? = 0
configure:26777: result: yes
configure:26801: checking history.h usability
configure:26818: gcc-4.2 -arch x86_64 -c -O3 -fexceptions -D_LARGEFILE_SOURCE -D_LARGEFILE64_SOURCE -D_FILE_OFFSET_BITS=64 -Wdeclaration-after-statement  conftest.c >&5
conftest.c:87:21: error: history.h: No such file or directory
configure:26824: $? = 1
configure: failed program was:
| /* confdefs.h.  */
| #define PACKAGE_NAME "silo"
| #define PACKAGE_TARNAME "silo"
| #define PACKAGE_VERSION "4.8"
| #define PACKAGE_STRING "silo 4.8"
| #define PACKAGE_BUGREPORT "visit-users@email.ornl.gov"
| #define PACKAGE "silo"
| #define VERSION "4.8"
| #define STDC_HEADERS 1
| #define HAVE_SYS_TYPES_H 1
| #define HAVE_SYS_STAT_H 1
| #define HAVE_STDLIB_H 1
| #define HAVE_STRING_H 1
| #define HAVE_MEMORY_H 1
| #define HAVE_STRINGS_H 1
| #define HAVE_INTTYPES_H 1
| #define HAVE_STDINT_H 1
| #define HAVE_UNISTD_H 1
| #define HAVE_DLFCN_H 1
| #define HAVE_NETCDF_DRIVER 1
| #define HAVE_PDB_DRIVER 1
| #define HAVE_TAURUS_DRIVER 1
| #define HAVE_HZIP 1
| #define HAVE_ZLIB_H 1
| #define HAVE_LIBZ 1
| #define HAVE_FPZIP 1
| #define SIZEOF_OFF64_T 0
| #define HAVE_SYS_TIME_H 1
| #define HAVE_STDARG_H 1
| #define HAVE_SYS_STAT_H 1
| #define HAVE_FCNTL_H 1
| #define HAVE_SYS_FCNTL_H 1
| #define HAVE_FNMATCH_H 1
| #define HAVE_SYS_TYPES_H 1
| #define HAVE_UNISTD_H 1
| #define STDC_HEADERS 1
| #define HAVE_FCLOSE_POINTER 1
| #define HAVE_FFLUSH_POINTER 1
| #define HAVE_FOPEN_POINTER 1
| #define HAVE_FPRINTF_POINTER 1
| #define HAVE_FREAD_POINTER 1
| #define HAVE_FSEEK_POINTER 1
| #define HAVE_SETVBUF_POINTER 1
| #define HAVE_FTELL_POINTER 1
| #define HAVE_FWRITE_POINTER 1
| #define HAVE_MEMMOVE 1
| #define HAVE_FNMATCH 1
| #define HAVE_ISNAN 1
| #define HAVE_STRERROR 1
| #define HAVE_LIBREADLINE 1
| #define HAVE_READLINE_READLINE_H 1
| #define HAVE_READLINE_HISTORY 1
| /* end confdefs.h.  */
| #include <stdio.h>
| #ifdef HAVE_SYS_TYPES_H
| # include <sys/types.h>
| #endif
| #ifdef HAVE_SYS_STAT_H
| # include <sys/stat.h>
| #endif
| #ifdef STDC_HEADERS
| # include <stdlib.h>
| # include <stddef.h>
| #else
| # ifdef HAVE_STDLIB_H
| #  include <stdlib.h>
| # endif
| #endif
| #ifdef HAVE_STRING_H
| # if !defined STDC_HEADERS && defined HAVE_MEMORY_H
| #  include <memory.h>
| # endif
| # include <string.h>
| #endif
| #ifdef HAVE_STRINGS_H
| # include <strings.h>
| #endif
| #ifdef HAVE_INTTYPES_H
| # include <inttypes.h>
| #endif
| #ifdef HAVE_STDINT_H
| # include <stdint.h>
| #endif
| #ifdef HAVE_UNISTD_H
| # include <unistd.h>
| #endif
| #include <history.h>
configure:26838: result: no
configure:26842: checking history.h presence
configure:26857: gcc-4.2 -arch x86_64 -E  conftest.c
conftest.c:54:21: error: history.h: No such file or directory
configure:26863: $? = 1
configure: failed program was:
| /* confdefs.h.  */
| #define PACKAGE_NAME "silo"
| #define PACKAGE_TARNAME "silo"
| #define PACKAGE_VERSION "4.8"
| #define PACKAGE_STRING "silo 4.8"
| #define PACKAGE_BUGREPORT "visit-users@email.ornl.gov"
| #define PACKAGE "silo"
| #define VERSION "4.8"
| #define STDC_HEADERS 1
| #define HAVE_SYS_TYPES_H 1
| #define HAVE_SYS_STAT_H 1
| #define HAVE_STDLIB_H 1
| #define HAVE_STRING_H 1
| #define HAVE_MEMORY_H 1
| #define HAVE_STRINGS_H 1
| #define HAVE_INTTYPES_H 1
| #define HAVE_STDINT_H 1
| #define HAVE_UNISTD_H 1
| #define HAVE_DLFCN_H 1
| #define HAVE_NETCDF_DRIVER 1
| #define HAVE_PDB_DRIVER 1
| #define HAVE_TAURUS_DRIVER 1
| #define HAVE_HZIP 1
| #define HAVE_ZLIB_H 1
| #define HAVE_LIBZ 1
| #define HAVE_FPZIP 1
| #define SIZEOF_OFF64_T 0
| #define HAVE_SYS_TIME_H 1
| #define HAVE_STDARG_H 1
| #define HAVE_SYS_STAT_H 1
| #define HAVE_FCNTL_H 1
| #define HAVE_SYS_FCNTL_H 1
| #define HAVE_FNMATCH_H 1
| #define HAVE_SYS_TYPES_H 1
| #define HAVE_UNISTD_H 1
| #define STDC_HEADERS 1
| #define HAVE_FCLOSE_POINTER 1
| #define HAVE_FFLUSH_POINTER 1
| #define HAVE_FOPEN_POINTER 1
| #define HAVE_FPRINTF_POINTER 1
| #define HAVE_FREAD_POINTER 1
| #define HAVE_FSEEK_POINTER 1
| #define HAVE_SETVBUF_POINTER 1
| #define HAVE_FTELL_POINTER 1
| #define HAVE_FWRITE_POINTER 1
| #define HAVE_MEMMOVE 1
| #define HAVE_FNMATCH 1
| #define HAVE_ISNAN 1
| #define HAVE_STRERROR 1
| #define HAVE_LIBREADLINE 1
| #define HAVE_READLINE_READLINE_H 1
| #define HAVE_READLINE_HISTORY 1
| /* end confdefs.h.  */
| #include <history.h>
configure:26877: result: no
configure:26910: checking for history.h
configure:26918: result: no
configure:26801: checking readline/history.h usability
configure:26818: gcc-4.2 -arch x86_64 -c -O3 -fexceptions -D_LARGEFILE_SOURCE -D_LARGEFILE64_SOURCE -D_FILE_OFFSET_BITS=64 -Wdeclaration-after-statement  conftest.c >&5
configure:26824: $? = 0
configure:26838: result: yes
configure:26842: checking readline/history.h presence
configure:26857: gcc-4.2 -arch x86_64 -E  conftest.c
configure:26863: $? = 0
configure:26877: result: yes
configure:26910: checking for readline/history.h
configure:26918: result: yes
configure:26996: checking for supported Qt version
configure:27025: WARNING:   Sorry, but you need Qt version 4.4.0 or higher to compile Silo's silex tool. silex is being disabled
configure:27720: creating ./config.status

## ---------------------- ##
## Running config.status. ##
## ---------------------- ##

This file was extended by silo config.status 4.8, which was
generated by GNU Autoconf 2.61.  Invocation command line was

  CONFIG_FILES    = 
  CONFIG_HEADERS  = 
  CONFIG_LINKS    = 
  CONFIG_COMMANDS = 
  $ ./config.status 

on xamMacBookPro.local

config.status:774: creating Makefile
config.status:774: creating SiloWindows/Makefile
config.status:774: creating svn_bin/Makefile
config.status:774: creating config/Makefile
config.status:774: creating config-site/Makefile
config.status:774: creating docs/Makefile
config.status:774: creating src/Makefile
config.status:774: creating src/score/Makefile
config.status:774: creating src/pdb/Makefile
config.status:774: creating src/silo/Makefile
config.status:774: creating src/silo/silo.h
config.status:774: creating src/debug/Makefile
config.status:774: creating src/netcdf/Makefile
config.status:774: creating src/pdb_drv/Makefile
config.status:774: creating src/pdbp_drv/Makefile
config.status:774: creating src/hdf5_drv/Makefile
config.status:774: creating src/taurus/Makefile
config.status:774: creating src/unknown/Makefile
config.status:774: creating src/filters/Makefile
config.status:774: creating tests/Makefile
config.status:774: creating tools/Makefile
config.status:774: creating tools/browser/Makefile
config.status:774: creating tools/python/Makefile
config.status:774: creating tools/silex/Makefile
config.status:774: creating tools/silock/Makefile
config.status:774: creating src/hzip/Makefile
config.status:774: creating src/fpzip/Makefile
config.status:774: creating src/libsilo.settings
config.status:774: creating config.h
config.status:1043: config.h is unchanged
config.status:1089: executing tests/atconfig commands
config.status:1089: executing depfiles commands

## ---------------- ##
## Cache variables. ##
## ---------------- ##

ac_cv_build=i386-apple-darwin10.5.0
ac_cv_c_compiler_gnu=yes
ac_cv_cxx_compiler_gnu=yes
ac_cv_env_CCC_set=
ac_cv_env_CCC_value=
ac_cv_env_CC_set=set
ac_cv_env_CC_value='gcc-4.2 -arch x86_64'
ac_cv_env_CFLAGS_set=
ac_cv_env_CFLAGS_value=
ac_cv_env_CPPFLAGS_set=
ac_cv_env_CPPFLAGS_value=
ac_cv_env_CPP_set=
ac_cv_env_CPP_value=
ac_cv_env_CXXCPP_set=
ac_cv_env_CXXCPP_value=
ac_cv_env_CXXFLAGS_set=
ac_cv_env_CXXFLAGS_value=
ac_cv_env_CXX_set=set
ac_cv_env_CXX_value='g++-4.2 -arch x86_64'
ac_cv_env_F77_set=
ac_cv_env_F77_value=
ac_cv_env_FCFLAGS_set=
ac_cv_env_FCFLAGS_value=
ac_cv_env_FC_set=
ac_cv_env_FC_value=
ac_cv_env_FFLAGS_set=
ac_cv_env_FFLAGS_value=
ac_cv_env_LDFLAGS_set=
ac_cv_env_LDFLAGS_value=
ac_cv_env_LIBS_set=
ac_cv_env_LIBS_value=
ac_cv_env_build_alias_set=
ac_cv_env_build_alias_value=
ac_cv_env_host_alias_set=
ac_cv_env_host_alias_value=
ac_cv_env_target_alias_set=
ac_cv_env_target_alias_value=
ac_cv_f77_compiler_gnu=yes
ac_cv_func_fnmatch=yes
ac_cv_func_fpclass=no
ac_cv_func_isnan=yes
ac_cv_func_memmove=yes
ac_cv_func_strerror=yes
ac_cv_header_dlfcn_h=yes
ac_cv_header_fcntl_h=yes
ac_cv_header_fnmatch_h=yes
ac_cv_header_history_h=no
ac_cv_header_ieeefp_h=no
ac_cv_header_inttypes_h=yes
ac_cv_header_memory_h=yes
ac_cv_header_readline_h=no
ac_cv_header_readline_history_h=yes
ac_cv_header_readline_readline_h=yes
ac_cv_header_stdarg_h=yes
ac_cv_header_stdc=yes
ac_cv_header_stdint_h=yes
ac_cv_header_stdlib_h=yes
ac_cv_header_string_h=yes
ac_cv_header_strings_h=yes
ac_cv_header_sys_fcntl_h=yes
ac_cv_header_sys_stat_h=yes
ac_cv_header_sys_time_h=yes
ac_cv_header_sys_types_h=yes
ac_cv_header_unistd_h=yes
ac_cv_header_zlib_h=yes
ac_cv_host=i386-apple-darwin10.5.0
ac_cv_lib_z_inflateEnd=yes
ac_cv_objext=o
ac_cv_path_EGREP='/usr/bin/grep -E'
ac_cv_path_GREP=/usr/bin/grep
ac_cv_path_install='/usr/bin/install -c'
ac_cv_prog_AWK=awk
ac_cv_prog_CPP='gcc-4.2 -arch x86_64 -E'
ac_cv_prog_CXXCPP='g++-4.2 -arch x86_64 -E'
ac_cv_prog_ac_ct_AR=ar
ac_cv_prog_ac_ct_CC='gcc-4.2 -arch x86_64'
ac_cv_prog_ac_ct_F77=g77
ac_cv_prog_ac_ct_RANLIB=ranlib
ac_cv_prog_ac_ct_STRIP=strip
ac_cv_prog_cc_c89=
ac_cv_prog_cc_g=yes
ac_cv_prog_cxx_g=yes
ac_cv_prog_f77_g=yes
ac_cv_prog_make_make_set=yes
ac_cv_search_strerror='none required'
ac_cv_sizeof_off64_t=0
ac_cv_type_off64_t=no
am_cv_CC_dependencies_compiler_type=gcc3
am_cv_CXX_dependencies_compiler_type=gcc3
ax_cv_c_flags___D_FILE_OFFSET_BITS_64_=yes
ax_cv_c_flags___D_LARGEFILE64_SOURCE_=yes
ax_cv_c_flags___D_LARGEFILE_SOURCE_=yes
ax_cv_c_flags___Wdeclaration_after_statement_=yes
lt_cv_deplibs_check_method=pass_all
lt_cv_file_magic_cmd='$MAGIC_CMD'
lt_cv_file_magic_test_file=
lt_cv_ld_reload_flag=-r
lt_cv_objdir=.libs
lt_cv_path_LD=/usr/libexec/gcc/i686-apple-darwin10/4.2.1/ld
lt_cv_path_LDCXX=/usr/libexec/gcc/i686-apple-darwin10/4.2.1/ld
lt_cv_path_NM=/usr/bin/nm
lt_cv_path_SED=/usr/bin/sed
lt_cv_prog_compiler_c_o=yes
lt_cv_prog_compiler_c_o_CXX=yes
lt_cv_prog_compiler_c_o_F77=yes
lt_cv_prog_compiler_rtti_exceptions=no
lt_cv_prog_gnu_ld=no
lt_cv_prog_gnu_ldcxx=no
lt_cv_sys_global_symbol_pipe='sed -n -e '\''s/^.*[ 	]\([BCDEGRST][BCDEGRST]*\)[ 	][ 	]*_\([_A-Za-z][_A-Za-z0-9]*\)$/\1 _\2 \2/p'\'''
lt_cv_sys_global_symbol_to_c_name_address='sed -n -e '\''s/^: \([^ ]*\) $/  {\"\1\", (lt_ptr) 0},/p'\'' -e '\''s/^[BCDEGRST] \([^ ]*\) \([^ ]*\)$/  {"\2", (lt_ptr) \&\2},/p'\'''
lt_cv_sys_global_symbol_to_cdecl='sed -n -e '\''s/^. .* \(.*\)$/extern int \1;/p'\'''
lt_cv_sys_max_cmd_len=196608
lt_lt_cv_prog_compiler_c_o='"yes"'
lt_lt_cv_prog_compiler_c_o_CXX='"yes"'
lt_lt_cv_prog_compiler_c_o_F77='"yes"'
lt_lt_cv_sys_global_symbol_pipe='"sed -n -e '\''s/^.*[ 	]\\([BCDEGRST][BCDEGRST]*\\)[ 	][ 	]*_\\([_A-Za-z][_A-Za-z0-9]*\\)\$/\\1 _\\2 \\2/p'\''"'
lt_lt_cv_sys_global_symbol_to_c_name_address='"sed -n -e '\''s/^: \\([^ ]*\\) \$/  {\\\"\\1\\\", (lt_ptr) 0},/p'\'' -e '\''s/^[BCDEGRST] \\([^ ]*\\) \\([^ ]*\\)\$/  {\"\\2\", (lt_ptr) \\&\\2},/p'\''"'
lt_lt_cv_sys_global_symbol_to_cdecl='"sed -n -e '\''s/^. .* \\(.*\\)\$/extern int \\1;/p'\''"'
vc_cv_fclose_pointer=yes
vc_cv_fflush_pointer=yes
vc_cv_fopen_pointer=yes
vc_cv_fprintf_pointer=yes
vc_cv_fread_pointer=yes
vc_cv_fseek_pointer=yes
vc_cv_ftell_pointer=yes
vc_cv_fwrite_pointer=yes
vc_cv_setvbuf_pointer=yes
vl_cv_lib_readline=-lreadline
vl_cv_lib_readline_history=yes

## ----------------- ##
## Output variables. ##
## ----------------- ##

ACLOCAL='${SHELL} /Users/xavier/x_local/srcs/silo-4.8/config/missing --run aclocal-1.10'
AMDEPBACKSLASH='\'
AMDEP_FALSE='#'
AMDEP_TRUE=''
AMTAR='${SHELL} /Users/xavier/x_local/srcs/silo-4.8/config/missing --run tar'
AR='ar'
AUTOCONF='${SHELL} /Users/xavier/x_local/srcs/silo-4.8/config/missing --run autoconf'
AUTOHEADER='${SHELL} /Users/xavier/x_local/srcs/silo-4.8/config/missing --run autoheader'
AUTOMAKE='${SHELL} /Users/xavier/x_local/srcs/silo-4.8/config/missing --run automake-1.10'
AWK='awk'
BROWSER='browser'
BROWSER_NEEDED_FALSE='#'
BROWSER_NEEDED_TRUE=''
BUNDLE_TARGET='silo.app'
CC='gcc-4.2 -arch x86_64'
CCDEPMODE='depmode=gcc3'
CC_FULLPATH='/usr/bin/gcc-4.2'
CFLAGS='-O3 -fexceptions -D_LARGEFILE_SOURCE -D_LARGEFILE64_SOURCE -D_FILE_OFFSET_BITS=64 -Wdeclaration-after-statement'
CONFIG_CMD='./configure '\''--disable-fortran'\'' '\''CXX=g++-4.2 -arch x86_64'\'' '\''CC=gcc-4.2 -arch x86_64'\'''
CONFIG_DATE='Thu Dec 23 22:59:31 CET 2010'
CONFIG_USER='xavier@xamMacBookPro.local'
CPP='gcc-4.2 -arch x86_64 -E'
CPPFLAGS=''
CXX='g++-4.2 -arch x86_64'
CXXCPP='g++-4.2 -arch x86_64 -E'
CXXDEPMODE='depmode=gcc3'
CXXFLAGS='-O3 -fexceptions'
CXX_FULLPATH='/usr/bin/g++-4.2'
CXX_LINK_NEEDED_FALSE='#'
CXX_LINK_NEEDED_TRUE=''
CYGPATH_W='echo'
DEFS='-DHAVE_CONFIG_H'
DEPDIR='.deps'
ECHO='/bin/echo'
ECHO_C='ECHO_N=''
ECHO_T=''
EGREP='/usr/bin/grep -E'
EXEEXT=''
F77='g77'
FC=''
FCFLAGS=''
FCLIBS=''
FC_FULLPATH=''
FFLAGS='-g -O2'
FORTRAN=''
FORTRAN_NEEDED_FALSE=''
FORTRAN_NEEDED_TRUE='#'
FPZIP='fpzip'
FPZIP_NEEDED_FALSE='#'
FPZIP_NEEDED_TRUE=''
GREP='/usr/bin/grep'
HDF5_DRV=''
HDF5_DRV_NEEDED_FALSE=''
HDF5_DRV_NEEDED_TRUE='#'
HZIP='hzip'
HZIP_NEEDED_FALSE='#'
HZIP_NEEDED_TRUE=''
INSTALL_DATA='${INSTALL} -m 644'
INSTALL_PROGRAM='${INSTALL}'
INSTALL_SCRIPT='${INSTALL}'
INSTALL_STRIP_PROGRAM='$(install_sh) -c -s'
LDFLAGS=' -Wl,-headerpad_max_install_names'
LIBOBJS=''
LIBS='-lz  '
LIBTOOL='$(SHELL) $(top_builddir)/libtool'
LN_S='ln -s'
LTLIBOBJS=''
MAINT='#'
MAINTAINER_MODE_FALSE=''
MAINTAINER_MODE_TRUE='#'
MAKEINFO='${SHELL} /Users/xavier/x_local/srcs/silo-4.8/config/missing --run makeinfo'
NETCDF='netcdf'
NETCDF_NEEDED_FALSE='#'
NETCDF_NEEDED_TRUE=''
OBJEXT='o'
PACKAGE='silo'
PACKAGE_BUGREPORT='visit-users@email.ornl.gov'
PACKAGE_NAME='silo'
PACKAGE_STRING='silo 4.8'
PACKAGE_TARNAME='silo'
PACKAGE_VERSION='4.8'
PATH_SEPARATOR=':'
PDBP_DRV=''
PDBP_DRV_NEEDED_FALSE=''
PDBP_DRV_NEEDED_TRUE='#'
PDB_DRV='pdb_drv'
PDB_DRV_NEEDED_FALSE='#'
PDB_DRV_NEEDED_TRUE=''
PRTDIAG=''
PYTHON=''
PYTHONMODULE=''
PYTHON_CPPFLAGS=''
PYTHON_EXEC_PREFIX=''
PYTHON_NEEDED_FALSE=''
PYTHON_NEEDED_TRUE='#'
PYTHON_PLATFORM=''
PYTHON_PREFIX=''
PYTHON_VERSION='2.5'
QT_BIN='/bin'
QT_CORE='QtCore.framework'
QT_CORE_LIB='-framework QtCore'
QT_CXXFLAGS='-I$(QT_INCLUDE) -I$(QT_INCLUDE)/Qt -I$(QT_INCLUDE)/QtCore -I$(QT_INCLUDE)/QtGui'
QT_GUI='QtGui.framework'
QT_GUI_LIB='-framework QtGui'
QT_INCLUDE='/include'
QT_LDFLAGS='-F$(QT_LIB) -L$(QT_LIB)'
QT_LIB='/lib'
QT_LIBS='$(QT_CORE_LIB) $(QT_GUI_LIB)'
QT_MOC='$(QT_BIN)/moc'
RANLIB='ranlib'
READLINE_LIBS='-lreadline '
SED='/usr/bin/sed'
SET_MAKE=''
SHELL='/bin/sh'
SILEX=''
SILEX_NEEDED_FALSE=''
SILEX_NEEDED_TRUE='#'
SILO_DTYPPTR1='void*'
SILO_DTYPPTR2='void*'
SILO_DTYPPTR='void'
SILO_VERS_MAJ='4'
SILO_VERS_MIN='8'
SILO_VERS_PAT=''
SILO_VERS_PRE=''
SILO_VERS_TAG='Silo_version_4_8'
STRIP='strip'
TAURUS='taurus'
TAURUS_NEEDED_FALSE='#'
TAURUS_NEEDED_TRUE=''
VERSION='4.8'
ZLIB='zlib'
ZLIB_AVAILABLE_FALSE='#'
ZLIB_AVAILABLE_TRUE=''
ac_ct_CC='gcc-4.2 -arch x86_64'
ac_ct_CXX=''
ac_ct_F77='g77'
ac_ct_FC=''
am__fastdepCC_FALSE='#'
am__fastdepCC_TRUE=''
am__fastdepCXX_FALSE='#'
am__fastdepCXX_TRUE=''
am__include='include'
am__isrc=''
am__leading_dot='.'
am__quote=''
am__tar='${AMTAR} chof - "$$tardir"'
am__untar='${AMTAR} xf -'
bindir='${exec_prefix}/bin'
build='i386-apple-darwin10.5.0'
build_alias=''
build_cpu='i386'
build_os='darwin10.5.0'
build_vendor='apple'
datadir='${datarootdir}'
datarootdir='${prefix}/share'
docdir='${datarootdir}/doc/${PACKAGE_TARNAME}'
dvidir='${docdir}'
exec_prefix='${prefix}'
host='i386-apple-darwin10.5.0'
host_alias=''
host_cpu='i386'
host_os='darwin10.5.0'
host_vendor='apple'
htmldir='${docdir}'
includedir='${prefix}/include'
infodir='${datarootdir}/info'
install_sh='$(SHELL) /Users/xavier/x_local/srcs/silo-4.8/config/install-sh'
libdir='${exec_prefix}/lib'
libexecdir='${exec_prefix}/libexec'
localedir='${datarootdir}/locale'
localstatedir='${prefix}/var'
mandir='${datarootdir}/man'
mkdir_p='$(top_builddir)/config/install-sh -c -d'
oldincludedir='/usr/include'
pdfdir='${docdir}'
pkgpyexecdir=''
pkgpythondir=''
prefix='/Users/xavier/x_local/srcs/silo-4.8'
program_transform_name='s,x,x,'
psdir='${docdir}'
pyexecdir=''
pythondir=''
sbindir='${exec_prefix}/sbin'
sharedstatedir='${prefix}/com'
sysconfdir='${prefix}/etc'
target_alias=''

## ----------- ##
## confdefs.h. ##
## ----------- ##

#define PACKAGE_NAME "silo"
#define PACKAGE_TARNAME "silo"
#define PACKAGE_VERSION "4.8"
#define PACKAGE_STRING "silo 4.8"
#define PACKAGE_BUGREPORT "visit-users@email.ornl.gov"
#define PACKAGE "silo"
#define VERSION "4.8"
#define STDC_HEADERS 1
#define HAVE_SYS_TYPES_H 1
#define HAVE_SYS_STAT_H 1
#define HAVE_STDLIB_H 1
#define HAVE_STRING_H 1
#define HAVE_MEMORY_H 1
#define HAVE_STRINGS_H 1
#define HAVE_INTTYPES_H 1
#define HAVE_STDINT_H 1
#define HAVE_UNISTD_H 1
#define HAVE_DLFCN_H 1
#define HAVE_NETCDF_DRIVER 1
#define HAVE_PDB_DRIVER 1
#define HAVE_TAURUS_DRIVER 1
#define HAVE_HZIP 1
#define HAVE_ZLIB_H 1
#define HAVE_LIBZ 1
#define HAVE_FPZIP 1
#define SIZEOF_OFF64_T 0
#define HAVE_SYS_TIME_H 1
#define HAVE_STDARG_H 1
#define HAVE_SYS_STAT_H 1
#define HAVE_FCNTL_H 1
#define HAVE_SYS_FCNTL_H 1
#define HAVE_FNMATCH_H 1
#define HAVE_SYS_TYPES_H 1
#define HAVE_UNISTD_H 1
#define STDC_HEADERS 1
#define HAVE_FCLOSE_POINTER 1
#define HAVE_FFLUSH_POINTER 1
#define HAVE_FOPEN_POINTER 1
#define HAVE_FPRINTF_POINTER 1
#define HAVE_FREAD_POINTER 1
#define HAVE_FSEEK_POINTER 1
#define HAVE_SETVBUF_POINTER 1
#define HAVE_FTELL_POINTER 1
#define HAVE_FWRITE_POINTER 1
#define HAVE_MEMMOVE 1
#define HAVE_FNMATCH 1
#define HAVE_ISNAN 1
#define HAVE_STRERROR 1
#define HAVE_LIBREADLINE 1
#define HAVE_READLINE_READLINE_H 1
#define HAVE_READLINE_HISTORY 1
#define HAVE_READLINE_HISTORY_H 1

configure: exit 0
